23:44:13 INFO  : Registering command handlers for SDK TCF services
23:44:16 INFO  : Launching XSCT server: xsct.bat -interactive F:\FPGA-Proje\Proje_new\breakout_game\breakout_game.sdk\temp_xsdb_launch_script.tcl
23:44:22 INFO  : XSCT server has started successfully.
23:44:22 INFO  : Processing command line option -hwspec F:/FPGA-Proje/Proje_new/breakout_game/breakout_game.sdk/design_1_wrapper.hdf.
23:44:22 INFO  : Successfully done setting XSCT server connection channel  
23:44:23 INFO  : Successfully done setting SDK workspace  
23:59:04 INFO  : Registering command handlers for SDK TCF services
23:59:07 INFO  : Launching XSCT server: xsct.bat -interactive F:\FPGA-Proje\Proje_new\breakout_game\breakout_game.sdk\temp_xsdb_launch_script.tcl
23:59:14 INFO  : XSCT server has started successfully.
23:59:15 INFO  : Processing command line option -hwspec F:/FPGA-Proje/Proje_new/breakout_game/breakout_game.sdk/design_1_wrapper.hdf.
23:59:15 INFO  : Successfully done setting XSCT server connection channel  
23:59:15 INFO  : Checking for hwspec changes in the project design_1_wrapper_hw_platform_0.
23:59:15 INFO  : Successfully done setting SDK workspace  
00:05:52 INFO  : Registering command handlers for SDK TCF services
00:05:56 INFO  : Launching XSCT server: xsct.bat -interactive F:\FPGA-Proje\Proje_new\breakout_game\breakout_game.sdk\temp_xsdb_launch_script.tcl
00:06:03 INFO  : XSCT server has started successfully.
00:06:03 INFO  : Processing command line option -hwspec F:/FPGA-Proje/Proje_new/breakout_game/breakout_game.sdk/design_1_wrapper.hdf.
00:06:03 INFO  : Checking for hwspec changes in the project design_1_wrapper_hw_platform_0.
00:06:04 INFO  : Successfully done setting XSCT server connection channel  
00:06:14 INFO  : Successfully done setting SDK workspace  
00:30:39 INFO  : Registering command handlers for SDK TCF services
00:30:43 INFO  : Launching XSCT server: xsct.bat -interactive F:\FPGA-Proje\Proje_new\breakout_game\breakout_game.sdk\temp_xsdb_launch_script.tcl
00:30:49 INFO  : XSCT server has started successfully.
00:30:49 INFO  : Successfully done setting XSCT server connection channel  
00:30:49 INFO  : Processing command line option -hwspec F:/FPGA-Proje/Proje_new/breakout_game/breakout_game.sdk/design_1_wrapper.hdf.
00:30:50 INFO  : Checking for hwspec changes in the project design_1_wrapper_hw_platform_0.
00:30:50 INFO  : Successfully done setting SDK workspace  
00:31:07 INFO  : SDK has detected change in the last modified timestamps for source hardware specification file Source:1546208997464,  Project:1546205445113
00:31:07 INFO  : The hardware specification for project 'design_1_wrapper_hw_platform_0' is different from F:/FPGA-Proje/Proje_new/breakout_game/breakout_game.sdk/design_1_wrapper.hdf.
00:31:07 INFO  : Copied contents of F:/FPGA-Proje/Proje_new/breakout_game/breakout_game.sdk/design_1_wrapper.hdf into \design_1_wrapper_hw_platform_0\system.hdf.
00:31:21 INFO  : Synchronizing projects in the workspace with the hardware platform specification changes.
00:31:21 INFO  : Clearing existing target manager status.
00:31:21 INFO  : Workspace synchronized with the new hardware specification file. Cleaning dependent projects...
00:31:21 WARN  : Linker script will not be updated automatically. Users need to update it manually.
